# JRE version: OpenJDK Runtime Environment (8.0_152-b01) (build 1.8.0_152-release-915-b01)
# Java VM: OpenJDK 64-Bit Server VM (25.152-b01 mixed mode linux-amd64 compressed oops)
Heap:
 PSYoungGen      total 453120K, used 34231K [0x00000000e0000000, 0x00000000fe100000, 0x0000000100000000)
  eden space 413696K, 0% used [0x00000000e0000000,0x00000000e0000000,0x00000000f9400000)
  from space 39424K, 86% used [0x00000000f9400000,0x00000000fb56dca0,0x00000000fba80000)
  to   space 30720K, 0% used [0x00000000fc300000,0x00000000fc300000,0x00000000fe100000)
 ParOldGen       total 243200K, used 56876K [0x00000000a0000000, 0x00000000aed80000, 0x00000000e0000000)
  object space 243200K, 23% used [0x00000000a0000000,0x00000000a378b2d8,0x00000000aed80000)
 Metaspace       used 108623K, capacity 114916K, committed 115160K, reserved 1148928K
  class space    used 13265K, capacity 14804K, committed 14848K, reserved 1048576K
GC Heap History (10 events):
Event: 5552.220 GC heap after
Heap after GC invocations=30 (full 4):
 PSYoungGen      total 395264K, used 13013K [0x00000000e0000000, 0x00000000fb180000, 0x0000000100000000)
  eden space 348672K, 0% used [0x00000000e0000000,0x00000000e0000000,0x00000000f5480000)
  from space 46592K, 27% used [0x00000000f8400000,0x00000000f90b5638,0x00000000fb180000)
  to   space 47616K, 0% used [0x00000000f5480000,0x00000000f5480000,0x00000000f8300000)
 ParOldGen       total 243200K, used 56836K [0x00000000a0000000, 0x00000000aed80000, 0x00000000e0000000)
  object space 243200K, 23% used [0x00000000a0000000,0x00000000a37812d8,0x00000000aed80000)
 Metaspace       used 98815K, capacity 102722K, committed 103128K, reserved 1138688K
  class space    used 12206K, capacity 13164K, committed 13312K, reserved 1048576K
}
Event: 5589.225 GC heap before
{Heap before GC invocations=31 (full 4):
 PSYoungGen      total 395264K, used 361685K [0x00000000e0000000, 0x00000000fb180000, 0x0000000100000000)
  eden space 348672K, 100% used [0x00000000e0000000,0x00000000f5480000,0x00000000f5480000)
  from space 46592K, 27% used [0x00000000f8400000,0x00000000f90b5638,0x00000000fb180000)
  to   space 47616K, 0% used [0x00000000f5480000,0x00000000f5480000,0x00000000f8300000)
 ParOldGen       total 243200K, used 56836K [0x00000000a0000000, 0x00000000aed80000, 0x00000000e0000000)
  object space 243200K, 23% used [0x00000000a0000000,0x00000000a37812d8,0x00000000aed80000)
 Metaspace       used 100022K, capacity 104590K, committed 104920K, reserved 1140736K
  class space    used 12348K, capacity 13469K, committed 13568K, reserved 1048576K
Event: 5589.284 GC heap after
Heap after GC invocations=31 (full 4):
 PSYoungGen      total 396288K, used 16685K [0x00000000e0000000, 0x00000000fd880000, 0x0000000100000000)
  eden space 348672K, 0% used [0x00000000e0000000,0x00000000e0000000,0x00000000f5480000)
  from space 47616K, 35% used [0x00000000f5480000,0x00000000f64cb538,0x00000000f8300000)
  to   space 45568K, 0% used [0x00000000fac00000,0x00000000fac00000,0x00000000fd880000)
 ParOldGen       total 243200K, used 56844K [0x00000000a0000000, 0x00000000aed80000, 0x00000000e0000000)
  object space 243200K, 23% used [0x00000000a0000000,0x00000000a37832d8,0x00000000aed80000)
 Metaspace       used 100022K, capacity 104590K, committed 104920K, reserved 1140736K
  class space    used 12348K, capacity 13469K, committed 13568K, reserved 1048576K
}
Event: 5659.467 GC heap before
{Heap before GC invocations=32 (full 4):
 PSYoungGen      total 396288K, used 365357K [0x00000000e0000000, 0x00000000fd880000, 0x0000000100000000)
  eden space 348672K, 100% used [0x00000000e0000000,0x00000000f5480000,0x00000000f5480000)
  from space 47616K, 35% used [0x00000000f5480000,0x00000000f64cb538,0x00000000f8300000)
  to   space 45568K, 0% used [0x00000000fac00000,0x00000000fac00000,0x00000000fd880000)
 ParOldGen       total 243200K, used 56844K [0x00000000a0000000, 0x00000000aed80000, 0x00000000e0000000)
  object space 243200K, 23% used [0x00000000a0000000,0x00000000a37832d8,0x00000000aed80000)
 Metaspace       used 101285K, capacity 106954K, committed 107096K, reserved 1142784K
  class space    used 12522K, capacity 13897K, committed 13952K, reserved 1048576K
Event: 5659.511 GC heap after
Heap after GC invocations=32 (full 4):
 PSYoungGen      total 420864K, used 12955K [0x00000000e0000000, 0x00000000fce80000, 0x0000000100000000)
  eden space 385536K, 0% used [0x00000000e0000000,0x00000000e0000000,0x00000000f7880000)
  from space 35328K, 36% used [0x00000000fac00000,0x00000000fb8a6e60,0x00000000fce80000)
  to   space 44032K, 0% used [0x00000000f7880000,0x00000000f7880000,0x00000000fa380000)
 ParOldGen       total 243200K, used 56852K [0x00000000a0000000, 0x00000000aed80000, 0x00000000e0000000)
  object space 243200K, 23% used [0x00000000a0000000,0x00000000a37852d8,0x00000000aed80000)
 Metaspace       used 101285K, capacity 106954K, committed 107096K, reserved 1142784K
  class space    used 12522K, capacity 13897K, committed 13952K, reserved 1048576K
}
Event: 5685.047 GC heap before
{Heap before GC invocations=33 (full 4):
 PSYoungGen      total 420864K, used 398491K [0x00000000e0000000, 0x00000000fce80000, 0x0000000100000000)
  eden space 385536K, 100% used [0x00000000e0000000,0x00000000f7880000,0x00000000f7880000)
  from space 35328K, 36% used [0x00000000fac00000,0x00000000fb8a6e60,0x00000000fce80000)
  to   space 44032K, 0% used [0x00000000f7880000,0x00000000f7880000,0x00000000fa380000)
 ParOldGen       total 243200K, used 56852K [0x00000000a0000000, 0x00000000aed80000, 0x00000000e0000000)
  object space 243200K, 23% used [0x00000000a0000000,0x00000000a37852d8,0x00000000aed80000)
 Metaspace       used 102073K, capacity 108080K, committed 108248K, reserved 1142784K
  class space    used 12580K, capacity 14058K, committed 14080K, reserved 1048576K
Event: 5685.109 GC heap after
Heap after GC invocations=33 (full 4):
 PSYoungGen      total 429568K, used 19426K [0x00000000e0000000, 0x00000000feb80000, 0x0000000100000000)
  eden space 385536K, 0% used [0x00000000e0000000,0x00000000e0000000,0x00000000f7880000)
  from space 44032K, 44% used [0x00000000f7880000,0x00000000f8b789a8,0x00000000fa380000)
  to   space 41472K, 0% used [0x00000000fc300000,0x00000000fc300000,0x00000000feb80000)
 ParOldGen       total 243200K, used 56860K [0x00000000a0000000, 0x00000000aed80000, 0x00000000e0000000)
  object space 243200K, 23% used [0x00000000a0000000,0x00000000a37872d8,0x00000000aed80000)
 Metaspace       used 102073K, capacity 108080K, committed 108248K, reserved 1142784K
  class space    used 12580K, capacity 14058K, committed 14080K, reserved 1048576K
}
Event: 6752.519 GC heap before
{Heap before GC invocations=34 (full 4):
 PSYoungGen      total 429568K, used 404962K [0x00000000e0000000, 0x00000000feb80000, 0x0000000100000000)
  eden space 385536K, 100% used [0x00000000e0000000,0x00000000f7880000,0x00000000f7880000)
  from space 44032K, 44% used [0x00000000f7880000,0x00000000f8b789a8,0x00000000fa380000)
  to   space 41472K, 0% used [0x00000000fc300000,0x00000000fc300000,0x00000000feb80000)
 ParOldGen       total 243200K, used 56860K [0x00000000a0000000, 0x00000000aed80000, 0x00000000e0000000)
  object space 243200K, 23% used [0x00000000a0000000,0x00000000a37872d8,0x00000000aed80000)
 Metaspace       used 102471K, capacity 108748K, committed 108888K, reserved 1144832K
  class space    used 12622K, capacity 14154K, committed 14208K, reserved 1048576K
Event: 6752.680 GC heap after
Heap after GC invocations=34 (full 4):
 PSYoungGen      total 444416K, used 18461K [0x00000000e0000000, 0x00000000fe100000, 0x0000000100000000)
  eden space 413696K, 0% used [0x00000000e0000000,0x00000000e0000000,0x00000000f9400000)
  from space 30720K, 60% used [0x00000000fc300000,0x00000000fd5075c8,0x00000000fe100000)
  to   space 39424K, 0% used [0x00000000f9400000,0x00000000f9400000,0x00000000fba80000)
 ParOldGen       total 243200K, used 56868K [0x00000000a0000000, 0x00000000aed80000, 0x00000000e0000000)
  object space 243200K, 23% used [0x00000000a0000000,0x00000000a37892d8,0x00000000aed80000)
 Metaspace       used 102471K, capacity 108748K, committed 108888K, reserved 1144832K
  class space    used 12622K, capacity 14154K, committed 14208K, reserved 1048576K
}
Event: 6763.522 GC heap before
{Heap before GC invocations=35 (full 4):
 PSYoungGen      total 444416K, used 432157K [0x00000000e0000000, 0x00000000fe100000, 0x0000000100000000)
  eden space 413696K, 100% used [0x00000000e0000000,0x00000000f9400000,0x00000000f9400000)
  from space 30720K, 60% used [0x00000000fc300000,0x00000000fd5075c8,0x00000000fe100000)
  to   space 39424K, 0% used [0x00000000f9400000,0x00000000f9400000,0x00000000fba80000)
 ParOldGen       total 243200K, used 56868K [0x00000000a0000000, 0x00000000aed80000, 0x00000000e0000000)
  object space 243200K, 23% used [0x00000000a0000000,0x00000000a37892d8,0x00000000aed80000)
 Metaspace       used 108623K, capacity 114916K, committed 115160K, reserved 1148928K
  class space    used 13265K, capacity 14804K, committed 14848K, reserved 1048576K

